mode: set
github.com/andrebassi/k1s/internal/adapters/repository/client.go:43.35,46.2 2 1
github.com/andrebassi/k1s/internal/adapters/repository/client.go:51.70,53.16 2 1
github.com/andrebassi/k1s/internal/adapters/repository/client.go:53.16,55.17 2 1
github.com/andrebassi/k1s/internal/adapters/repository/client.go:55.17,57.4 1 1
github.com/andrebassi/k1s/internal/adapters/repository/client.go:60.2,60.52 1 1
github.com/andrebassi/k1s/internal/adapters/repository/client.go:67.87,68.19 1 1
github.com/andrebassi/k1s/internal/adapters/repository/client.go:68.19,70.3 1 1
github.com/andrebassi/k1s/internal/adapters/repository/client.go:73.2,77.16 4 1
github.com/andrebassi/k1s/internal/adapters/repository/client.go:77.16,80.3 1 1
github.com/andrebassi/k1s/internal/adapters/repository/client.go:83.2,86.16 3 1
github.com/andrebassi/k1s/internal/adapters/repository/client.go:86.16,89.3 1 1
github.com/andrebassi/k1s/internal/adapters/repository/client.go:92.2,93.26 2 1
github.com/andrebassi/k1s/internal/adapters/repository/client.go:93.26,96.23 3 1
github.com/andrebassi/k1s/internal/adapters/repository/client.go:96.23,98.4 1 1
github.com/andrebassi/k1s/internal/adapters/repository/client.go:99.8,102.23 2 1
github.com/andrebassi/k1s/internal/adapters/repository/client.go:102.23,104.4 1 1
github.com/andrebassi/k1s/internal/adapters/repository/client.go:107.2,114.8 1 1
github.com/andrebassi/k1s/internal/adapters/repository/client.go:119.52,121.2 1 1
github.com/andrebassi/k1s/internal/adapters/repository/client.go:125.51,127.2 1 1
github.com/andrebassi/k1s/internal/adapters/repository/client.go:131.54,133.2 1 1
github.com/andrebassi/k1s/internal/adapters/repository/client.go:136.35,138.2 1 1
github.com/andrebassi/k1s/internal/adapters/repository/client.go:141.37,143.2 1 1
github.com/andrebassi/k1s/internal/adapters/repository/client.go:146.42,148.2 1 1
github.com/andrebassi/k1s/internal/adapters/repository/client.go:151.79,153.2 1 1
github.com/andrebassi/k1s/internal/adapters/repository/client.go:157.59,160.16 3 1
github.com/andrebassi/k1s/internal/adapters/repository/client.go:160.16,163.3 1 1
github.com/andrebassi/k1s/internal/adapters/repository/client.go:165.2,166.36 2 1
github.com/andrebassi/k1s/internal/adapters/repository/client.go:166.36,168.3 1 1
github.com/andrebassi/k1s/internal/adapters/repository/client.go:169.2,169.45 1 1
github.com/andrebassi/k1s/internal/adapters/repository/client.go:173.79,175.2 1 1
github.com/andrebassi/k1s/internal/adapters/repository/client.go:179.126,180.22 1 1
github.com/andrebassi/k1s/internal/adapters/repository/client.go:181.27,182.70 1 1
github.com/andrebassi/k1s/internal/adapters/repository/client.go:183.28,184.71 1 1
github.com/andrebassi/k1s/internal/adapters/repository/client.go:185.24,186.71 1 1
github.com/andrebassi/k1s/internal/adapters/repository/client.go:187.10,188.13 1 1
github.com/andrebassi/k1s/internal/adapters/repository/client.go:195.112,196.22 1 1
github.com/andrebassi/k1s/internal/adapters/repository/client.go:197.27,198.62 1 1
github.com/andrebassi/k1s/internal/adapters/repository/client.go:199.28,200.63 1 1
github.com/andrebassi/k1s/internal/adapters/repository/client.go:201.26,202.61 1 1
github.com/andrebassi/k1s/internal/adapters/repository/client.go:203.10,204.13 1 1
github.com/andrebassi/k1s/internal/adapters/repository/events.go:29.120,33.16 2 1
github.com/andrebassi/k1s/internal/adapters/repository/events.go:33.16,36.3 1 1
github.com/andrebassi/k1s/internal/adapters/repository/events.go:38.2,38.45 1 1
github.com/andrebassi/k1s/internal/adapters/repository/events.go:43.121,45.16 2 1
github.com/andrebassi/k1s/internal/adapters/repository/events.go:45.16,48.3 1 1
github.com/andrebassi/k1s/internal/adapters/repository/events.go:50.2,51.33 2 1
github.com/andrebassi/k1s/internal/adapters/repository/events.go:51.33,53.45 1 1
github.com/andrebassi/k1s/internal/adapters/repository/events.go:53.45,55.12 2 1
github.com/andrebassi/k1s/internal/adapters/repository/events.go:59.3,59.29 1 1
github.com/andrebassi/k1s/internal/adapters/repository/events.go:59.29,61.29 2 1
github.com/andrebassi/k1s/internal/adapters/repository/events.go:61.29,62.42 1 1
github.com/andrebassi/k1s/internal/adapters/repository/events.go:62.42,64.11 2 1
github.com/andrebassi/k1s/internal/adapters/repository/events.go:70.2,70.41 1 1
github.com/andrebassi/k1s/internal/adapters/repository/events.go:76.128,78.16 2 1
github.com/andrebassi/k1s/internal/adapters/repository/events.go:78.16,81.3 1 1
github.com/andrebassi/k1s/internal/adapters/repository/events.go:83.2,85.41 2 1
github.com/andrebassi/k1s/internal/adapters/repository/events.go:85.41,87.3 1 1
github.com/andrebassi/k1s/internal/adapters/repository/events.go:89.2,89.38 1 1
github.com/andrebassi/k1s/internal/adapters/repository/events.go:89.38,91.3 1 1
github.com/andrebassi/k1s/internal/adapters/repository/events.go:93.2,93.20 1 1
github.com/andrebassi/k1s/internal/adapters/repository/events.go:98.59,100.27 2 1
github.com/andrebassi/k1s/internal/adapters/repository/events.go:100.27,105.63 3 1
github.com/andrebassi/k1s/internal/adapters/repository/events.go:105.63,107.4 1 1
github.com/andrebassi/k1s/internal/adapters/repository/events.go:108.3,108.24 1 1
github.com/andrebassi/k1s/internal/adapters/repository/events.go:108.24,110.4 1 1
github.com/andrebassi/k1s/internal/adapters/repository/events.go:112.3,122.5 1 1
github.com/andrebassi/k1s/internal/adapters/repository/events.go:126.2,126.41 1 1
github.com/andrebassi/k1s/internal/adapters/repository/events.go:126.41,128.3 1 1
github.com/andrebassi/k1s/internal/adapters/repository/events.go:130.2,130.15 1 1
github.com/andrebassi/k1s/internal/adapters/repository/events.go:135.39,137.2 1 1
github.com/andrebassi/k1s/internal/adapters/repository/events.go:141.137,143.16 2 1
github.com/andrebassi/k1s/internal/adapters/repository/events.go:143.16,146.3 1 1
github.com/andrebassi/k1s/internal/adapters/repository/events.go:148.2,150.27 3 1
github.com/andrebassi/k1s/internal/adapters/repository/events.go:150.27,151.54 1 1
github.com/andrebassi/k1s/internal/adapters/repository/events.go:151.54,153.4 1 1
github.com/andrebassi/k1s/internal/adapters/repository/events.go:155.2,155.22 1 1
github.com/andrebassi/k1s/internal/adapters/repository/logs.go:38.37,43.2 1 1
github.com/andrebassi/k1s/internal/adapters/repository/logs.go:47.133,54.24 2 1
github.com/andrebassi/k1s/internal/adapters/repository/logs.go:54.24,56.3 1 1
github.com/andrebassi/k1s/internal/adapters/repository/logs.go:58.2,58.20 1 1
github.com/andrebassi/k1s/internal/adapters/repository/logs.go:58.20,62.3 2 1
github.com/andrebassi/k1s/internal/adapters/repository/logs.go:64.2,66.16 3 1
github.com/andrebassi/k1s/internal/adapters/repository/logs.go:66.16,69.3 1 1
github.com/andrebassi/k1s/internal/adapters/repository/logs.go:70.2,72.64 2 1
github.com/andrebassi/k1s/internal/adapters/repository/logs.go:77.96,85.21 5 1
github.com/andrebassi/k1s/internal/adapters/repository/logs.go:85.21,93.38 3 1
github.com/andrebassi/k1s/internal/adapters/repository/logs.go:93.38,94.70 1 1
github.com/andrebassi/k1s/internal/adapters/repository/logs.go:94.70,97.5 2 1
github.com/andrebassi/k1s/internal/adapters/repository/logs.go:97.10,97.73 1 1
github.com/andrebassi/k1s/internal/adapters/repository/logs.go:97.73,100.5 2 1
github.com/andrebassi/k1s/internal/adapters/repository/logs.go:103.3,104.33 2 1
github.com/andrebassi/k1s/internal/adapters/repository/logs.go:107.2,107.29 1 1
github.com/andrebassi/k1s/internal/adapters/repository/logs.go:112.39,118.44 3 1
github.com/andrebassi/k1s/internal/adapters/repository/logs.go:118.44,119.41 1 1
github.com/andrebassi/k1s/internal/adapters/repository/logs.go:119.41,121.4 1 1
github.com/andrebassi/k1s/internal/adapters/repository/logs.go:123.2,123.14 1 1
github.com/andrebassi/k1s/internal/adapters/repository/logs.go:129.142,131.16 2 1
github.com/andrebassi/k1s/internal/adapters/repository/logs.go:131.16,134.3 1 1
github.com/andrebassi/k1s/internal/adapters/repository/logs.go:136.2,138.28 3 1
github.com/andrebassi/k1s/internal/adapters/repository/logs.go:138.28,141.3 1 1
github.com/andrebassi/k1s/internal/adapters/repository/logs.go:143.2,143.48 1 1
github.com/andrebassi/k1s/internal/adapters/repository/logs.go:143.48,151.17 3 1
github.com/andrebassi/k1s/internal/adapters/repository/logs.go:151.17,153.12 1 1
github.com/andrebassi/k1s/internal/adapters/repository/logs.go:155.3,155.37 1 1
github.com/andrebassi/k1s/internal/adapters/repository/logs.go:158.2,159.21 2 1
github.com/andrebassi/k1s/internal/adapters/repository/logs.go:164.37,165.35 1 1
github.com/andrebassi/k1s/internal/adapters/repository/logs.go:165.35,166.38 1 1
github.com/andrebassi/k1s/internal/adapters/repository/logs.go:166.38,167.51 1 1
github.com/andrebassi/k1s/internal/adapters/repository/logs.go:167.51,169.5 1 1
github.com/andrebassi/k1s/internal/adapters/repository/logs.go:176.149,184.2 2 1
github.com/andrebassi/k1s/internal/adapters/repository/logs.go:188.57,189.17 1 1
github.com/andrebassi/k1s/internal/adapters/repository/logs.go:189.17,191.3 1 1
github.com/andrebassi/k1s/internal/adapters/repository/logs.go:193.2,195.27 3 1
github.com/andrebassi/k1s/internal/adapters/repository/logs.go:195.27,196.60 1 1
github.com/andrebassi/k1s/internal/adapters/repository/logs.go:196.60,198.4 1 1
github.com/andrebassi/k1s/internal/adapters/repository/logs.go:200.2,200.16 1 1
github.com/andrebassi/k1s/internal/adapters/repository/logs.go:204.48,206.27 2 1
github.com/andrebassi/k1s/internal/adapters/repository/logs.go:206.27,207.18 1 1
github.com/andrebassi/k1s/internal/adapters/repository/logs.go:207.18,209.4 1 1
github.com/andrebassi/k1s/internal/adapters/repository/logs.go:211.2,211.15 1 1
github.com/andrebassi/k1s/internal/adapters/repository/logs.go:216.87,222.27 5 1
github.com/andrebassi/k1s/internal/adapters/repository/logs.go:222.27,223.89 1 1
github.com/andrebassi/k1s/internal/adapters/repository/logs.go:223.89,225.4 1 1
github.com/andrebassi/k1s/internal/adapters/repository/logs.go:227.2,227.15 1 1
github.com/andrebassi/k1s/internal/adapters/repository/metrics.go:36.127,37.26 1 1
github.com/andrebassi/k1s/internal/adapters/repository/metrics.go:37.26,39.3 1 1
github.com/andrebassi/k1s/internal/adapters/repository/metrics.go:41.2,42.16 2 1
github.com/andrebassi/k1s/internal/adapters/repository/metrics.go:42.16,44.3 1 1
github.com/andrebassi/k1s/internal/adapters/repository/metrics.go:46.2,51.39 2 1
github.com/andrebassi/k1s/internal/adapters/repository/metrics.go:51.39,60.3 3 1
github.com/andrebassi/k1s/internal/adapters/repository/metrics.go:62.2,62.16 1 1
github.com/andrebassi/k1s/internal/adapters/repository/metrics.go:67.125,68.26 1 1
github.com/andrebassi/k1s/internal/adapters/repository/metrics.go:68.26,70.3 1 1
github.com/andrebassi/k1s/internal/adapters/repository/metrics.go:72.2,73.16 2 1
github.com/andrebassi/k1s/internal/adapters/repository/metrics.go:73.16,76.3 1 1
github.com/andrebassi/k1s/internal/adapters/repository/metrics.go:78.2,79.38 2 1
github.com/andrebassi/k1s/internal/adapters/repository/metrics.go:79.38,85.34 2 1
github.com/andrebassi/k1s/internal/adapters/repository/metrics.go:85.34,94.4 3 1
github.com/andrebassi/k1s/internal/adapters/repository/metrics.go:95.3,95.30 1 1
github.com/andrebassi/k1s/internal/adapters/repository/metrics.go:98.2,98.20 1 1
github.com/andrebassi/k1s/internal/adapters/repository/metrics.go:104.41,105.23 1 1
github.com/andrebassi/k1s/internal/adapters/repository/metrics.go:105.23,107.3 1 1
github.com/andrebassi/k1s/internal/adapters/repository/metrics.go:108.2,108.54 1 1
github.com/andrebassi/k1s/internal/adapters/repository/metrics.go:113.39,120.9 2 1
github.com/andrebassi/k1s/internal/adapters/repository/metrics.go:121.19,122.50 1 1
github.com/andrebassi/k1s/internal/adapters/repository/metrics.go:123.19,124.50 1 1
github.com/andrebassi/k1s/internal/adapters/repository/metrics.go:125.19,126.50 1 1
github.com/andrebassi/k1s/internal/adapters/repository/metrics.go:127.10,128.35 1 1
github.com/andrebassi/k1s/internal/adapters/repository/metrics.go:146.86,147.34 1 1
github.com/andrebassi/k1s/internal/adapters/repository/metrics.go:147.34,149.3 1 1
github.com/andrebassi/k1s/internal/adapters/repository/metrics.go:151.2,156.40 4 1
github.com/andrebassi/k1s/internal/adapters/repository/metrics.go:156.40,158.3 1 1
github.com/andrebassi/k1s/internal/adapters/repository/metrics.go:160.2,163.16 3 1
github.com/andrebassi/k1s/internal/adapters/repository/resources.go:223.99,225.16 2 1
github.com/andrebassi/k1s/internal/adapters/repository/resources.go:225.16,227.3 1 1
github.com/andrebassi/k1s/internal/adapters/repository/resources.go:229.2,230.34 2 1
github.com/andrebassi/k1s/internal/adapters/repository/resources.go:230.34,235.3 1 1
github.com/andrebassi/k1s/internal/adapters/repository/resources.go:236.2,236.45 1 1
github.com/andrebassi/k1s/internal/adapters/repository/resources.go:236.45,238.3 1 1
github.com/andrebassi/k1s/internal/adapters/repository/resources.go:239.2,239.24 1 1
github.com/andrebassi/k1s/internal/adapters/repository/resources.go:244.102,246.16 2 1
github.com/andrebassi/k1s/internal/adapters/repository/resources.go:246.16,248.3 1 1
github.com/andrebassi/k1s/internal/adapters/repository/resources.go:250.2,251.34 2 1
github.com/andrebassi/k1s/internal/adapters/repository/resources.go:251.34,252.48 1 1
github.com/andrebassi/k1s/internal/adapters/repository/resources.go:252.48,254.4 1 1
github.com/andrebassi/k1s/internal/adapters/repository/resources.go:256.2,257.24 2 1
github.com/andrebassi/k1s/internal/adapters/repository/resources.go:262.142,263.22 1 1
github.com/andrebassi/k1s/internal/adapters/repository/resources.go:264.27,265.52 1 1
github.com/andrebassi/k1s/internal/adapters/repository/resources.go:266.28,267.53 1 1
github.com/andrebassi/k1s/internal/adapters/repository/resources.go:268.26,269.51 1 1
github.com/andrebassi/k1s/internal/adapters/repository/resources.go:270.20,271.45 1 1
github.com/andrebassi/k1s/internal/adapters/repository/resources.go:272.24,273.49 1 1
github.com/andrebassi/k1s/internal/adapters/repository/resources.go:274.20,275.56 1 1
github.com/andrebassi/k1s/internal/adapters/repository/resources.go:276.10,277.68 1 1
github.com/andrebassi/k1s/internal/adapters/repository/resources.go:281.117,283.16 2 1
github.com/andrebassi/k1s/internal/adapters/repository/resources.go:283.16,286.3 1 1
github.com/andrebassi/k1s/internal/adapters/repository/resources.go:288.2,289.31 2 1
github.com/andrebassi/k1s/internal/adapters/repository/resources.go:289.31,291.49 2 1
github.com/andrebassi/k1s/internal/adapters/repository/resources.go:291.49,294.4 1 1
github.com/andrebassi/k1s/internal/adapters/repository/resources.go:295.3,295.59 1 1
github.com/andrebassi/k1s/internal/adapters/repository/resources.go:295.59,298.4 1 1
github.com/andrebassi/k1s/internal/adapters/repository/resources.go:300.3,309.5 1 1
github.com/andrebassi/k1s/internal/adapters/repository/resources.go:311.2,311.23 1 1
github.com/andrebassi/k1s/internal/adapters/repository/resources.go:314.118,316.16 2 1
github.com/andrebassi/k1s/internal/adapters/repository/resources.go:316.16,318.3 1 1
github.com/andrebassi/k1s/internal/adapters/repository/resources.go:320.2,321.30 2 1
github.com/andrebassi/k1s/internal/adapters/repository/resources.go:321.30,323.49 2 1
github.com/andrebassi/k1s/internal/adapters/repository/resources.go:323.49,325.4 1 1
github.com/andrebassi/k1s/internal/adapters/repository/resources.go:327.3,336.5 1 1
github.com/andrebassi/k1s/internal/adapters/repository/resources.go:338.2,338.23 1 1
github.com/andrebassi/k1s/internal/adapters/repository/resources.go:341.116,343.16 2 1
github.com/andrebassi/k1s/internal/adapters/repository/resources.go:343.16,346.3 1 1
github.com/andrebassi/k1s/internal/adapters/repository/resources.go:348.2,349.29 2 1
github.com/andrebassi/k1s/internal/adapters/repository/resources.go:349.29,351.61 2 1
github.com/andrebassi/k1s/internal/adapters/repository/resources.go:351.61,354.4 1 1
github.com/andrebassi/k1s/internal/adapters/repository/resources.go:356.3,365.5 1 1
github.com/andrebassi/k1s/internal/adapters/repository/resources.go:367.2,367.23 1 1
github.com/andrebassi/k1s/internal/adapters/repository/resources.go:370.110,372.16 2 1
github.com/andrebassi/k1s/internal/adapters/repository/resources.go:372.16,374.3 1 1
github.com/andrebassi/k1s/internal/adapters/repository/resources.go:376.2,377.31 2 1
github.com/andrebassi/k1s/internal/adapters/repository/resources.go:377.31,379.29 2 1
github.com/andrebassi/k1s/internal/adapters/repository/resources.go:379.29,381.4 1 1
github.com/andrebassi/k1s/internal/adapters/repository/resources.go:381.9,381.33 1 1
github.com/andrebassi/k1s/internal/adapters/repository/resources.go:381.33,383.4 1 1
github.com/andrebassi/k1s/internal/adapters/repository/resources.go:385.3,393.5 1 1
github.com/andrebassi/k1s/internal/adapters/repository/resources.go:395.2,395.23 1 1
github.com/andrebassi/k1s/internal/adapters/repository/resources.go:398.114,400.16 2 1
github.com/andrebassi/k1s/internal/adapters/repository/resources.go:400.16,402.3 1 1
github.com/andrebassi/k1s/internal/adapters/repository/resources.go:404.2,405.31 2 1
github.com/andrebassi/k1s/internal/adapters/repository/resources.go:405.31,407.49 2 1
github.com/andrebassi/k1s/internal/adapters/repository/resources.go:407.49,409.4 1 1
github.com/andrebassi/k1s/internal/adapters/repository/resources.go:411.3,418.5 1 1
github.com/andrebassi/k1s/internal/adapters/repository/resources.go:420.2,420.23 1 1
github.com/andrebassi/k1s/internal/adapters/repository/resources.go:423.121,425.16 2 1
github.com/andrebassi/k1s/internal/adapters/repository/resources.go:425.16,427.3 1 1
github.com/andrebassi/k1s/internal/adapters/repository/resources.go:429.2,430.31 2 1
github.com/andrebassi/k1s/internal/adapters/repository/resources.go:430.31,432.49 2 1
github.com/andrebassi/k1s/internal/adapters/repository/resources.go:432.49,434.4 1 1
github.com/andrebassi/k1s/internal/adapters/repository/resources.go:436.3,437.49 2 1
github.com/andrebassi/k1s/internal/adapters/repository/resources.go:437.49,438.16 1 1
github.com/andrebassi/k1s/internal/adapters/repository/resources.go:438.16,440.5 1 1
github.com/andrebassi/k1s/internal/adapters/repository/resources.go:443.3,452.5 1 1
github.com/andrebassi/k1s/internal/adapters/repository/resources.go:454.2,454.23 1 1
github.com/andrebassi/k1s/internal/adapters/repository/resources.go:461.115,462.26 1 1
github.com/andrebassi/k1s/internal/adapters/repository/resources.go:462.26,464.3 1 1
github.com/andrebassi/k1s/internal/adapters/repository/resources.go:466.2,473.16 3 1
github.com/andrebassi/k1s/internal/adapters/repository/resources.go:473.16,476.3 1 1
github.com/andrebassi/k1s/internal/adapters/repository/resources.go:478.2,479.35 2 1
github.com/andrebassi/k1s/internal/adapters/repository/resources.go:479.35,488.64 7 1
github.com/andrebassi/k1s/internal/adapters/repository/resources.go:488.64,489.47 1 1
github.com/andrebassi/k1s/internal/adapters/repository/resources.go:489.47,491.5 1 1
github.com/andrebassi/k1s/internal/adapters/repository/resources.go:491.10,491.56 1 1
github.com/andrebassi/k1s/internal/adapters/repository/resources.go:491.56,493.5 1 1
github.com/andrebassi/k1s/internal/adapters/repository/resources.go:496.3,496.71 1 1
github.com/andrebassi/k1s/internal/adapters/repository/resources.go:496.71,497.59 1 1
github.com/andrebassi/k1s/internal/adapters/repository/resources.go:497.59,499.5 1 1
github.com/andrebassi/k1s/internal/adapters/repository/resources.go:499.10,499.68 1 1
github.com/andrebassi/k1s/internal/adapters/repository/resources.go:499.68,501.5 1 1
github.com/andrebassi/k1s/internal/adapters/repository/resources.go:502.4,502.52 1 1
github.com/andrebassi/k1s/internal/adapters/repository/resources.go:502.52,504.5 1 1
github.com/andrebassi/k1s/internal/adapters/repository/resources.go:508.3,509.64 2 1
github.com/andrebassi/k1s/internal/adapters/repository/resources.go:509.64,510.69 1 1
github.com/andrebassi/k1s/internal/adapters/repository/resources.go:510.69,511.80 1 1
github.com/andrebassi/k1s/internal/adapters/repository/resources.go:511.80,512.36 1 1
github.com/andrebassi/k1s/internal/adapters/repository/resources.go:512.36,513.39 1 1
github.com/andrebassi/k1s/internal/adapters/repository/resources.go:513.39,515.8 1 1
github.com/andrebassi/k1s/internal/adapters/repository/resources.go:520.3,520.31 1 1
github.com/andrebassi/k1s/internal/adapters/repository/resources.go:520.31,522.4 1 1
github.com/andrebassi/k1s/internal/adapters/repository/resources.go:524.3,533.5 1 1
github.com/andrebassi/k1s/internal/adapters/repository/resources.go:535.2,535.23 1 1
github.com/andrebassi/k1s/internal/adapters/repository/resources.go:540.117,541.35 1 1
github.com/andrebassi/k1s/internal/adapters/repository/resources.go:541.35,543.17 2 1
github.com/andrebassi/k1s/internal/adapters/repository/resources.go:543.17,545.4 1 1
github.com/andrebassi/k1s/internal/adapters/repository/resources.go:546.3,546.43 1 1
github.com/andrebassi/k1s/internal/adapters/repository/resources.go:549.2,553.16 3 1
github.com/andrebassi/k1s/internal/adapters/repository/resources.go:553.16,555.3 1 1
github.com/andrebassi/k1s/internal/adapters/repository/resources.go:557.2,558.31 2 1
github.com/andrebassi/k1s/internal/adapters/repository/resources.go:558.31,560.3 1 1
github.com/andrebassi/k1s/internal/adapters/repository/resources.go:561.2,561.22 1 1
github.com/andrebassi/k1s/internal/adapters/repository/resources.go:565.108,567.16 2 1
github.com/andrebassi/k1s/internal/adapters/repository/resources.go:567.16,569.3 1 1
github.com/andrebassi/k1s/internal/adapters/repository/resources.go:570.2,571.19 2 1
github.com/andrebassi/k1s/internal/adapters/repository/resources.go:575.108,577.16 2 1
github.com/andrebassi/k1s/internal/adapters/repository/resources.go:577.16,579.3 1 1
github.com/andrebassi/k1s/internal/adapters/repository/resources.go:581.2,582.31 2 1
github.com/andrebassi/k1s/internal/adapters/repository/resources.go:582.31,584.3 1 1
github.com/andrebassi/k1s/internal/adapters/repository/resources.go:587.2,587.43 1 1
github.com/andrebassi/k1s/internal/adapters/repository/resources.go:587.43,589.3 1 1
github.com/andrebassi/k1s/internal/adapters/repository/resources.go:591.2,591.22 1 1
github.com/andrebassi/k1s/internal/adapters/repository/resources.go:595.117,597.16 2 1
github.com/andrebassi/k1s/internal/adapters/repository/resources.go:597.16,599.3 1 1
github.com/andrebassi/k1s/internal/adapters/repository/resources.go:601.2,602.31 2 1
github.com/andrebassi/k1s/internal/adapters/repository/resources.go:602.31,608.3 1 1
github.com/andrebassi/k1s/internal/adapters/repository/resources.go:610.2,610.42 1 1
github.com/andrebassi/k1s/internal/adapters/repository/resources.go:610.42,612.3 1 1
github.com/andrebassi/k1s/internal/adapters/repository/resources.go:614.2,614.21 1 1
github.com/andrebassi/k1s/internal/adapters/repository/resources.go:626.120,628.16 2 1
github.com/andrebassi/k1s/internal/adapters/repository/resources.go:628.16,630.3 1 1
github.com/andrebassi/k1s/internal/adapters/repository/resources.go:632.2,637.8 1 1
github.com/andrebassi/k1s/internal/adapters/repository/resources.go:641.105,643.16 2 1
github.com/andrebassi/k1s/internal/adapters/repository/resources.go:643.16,646.3 1 1
github.com/andrebassi/k1s/internal/adapters/repository/resources.go:648.2,649.33 2 1
github.com/andrebassi/k1s/internal/adapters/repository/resources.go:649.33,657.34 4 1
github.com/andrebassi/k1s/internal/adapters/repository/resources.go:657.34,660.4 1 1
github.com/andrebassi/k1s/internal/adapters/repository/resources.go:662.3,670.5 1 1
github.com/andrebassi/k1s/internal/adapters/repository/resources.go:673.2,673.43 1 1
github.com/andrebassi/k1s/internal/adapters/repository/resources.go:673.43,676.3 1 1
github.com/andrebassi/k1s/internal/adapters/repository/resources.go:678.2,678.22 1 1
github.com/andrebassi/k1s/internal/adapters/repository/resources.go:682.73,685.42 2 1
github.com/andrebassi/k1s/internal/adapters/repository/resources.go:685.42,686.22 1 1
github.com/andrebassi/k1s/internal/adapters/repository/resources.go:687.47,688.30 1 1
github.com/andrebassi/k1s/internal/adapters/repository/resources.go:688.30,694.57 4 1
github.com/andrebassi/k1s/internal/adapters/repository/resources.go:694.57,696.6 1 1
github.com/andrebassi/k1s/internal/adapters/repository/resources.go:696.11,696.58 1 1
github.com/andrebassi/k1s/internal/adapters/repository/resources.go:696.58,698.6 1 1
github.com/andrebassi/k1s/internal/adapters/repository/resources.go:701.5,701.50 1 1
github.com/andrebassi/k1s/internal/adapters/repository/resources.go:701.50,702.125 1 1
github.com/andrebassi/k1s/internal/adapters/repository/resources.go:702.125,703.56 1 1
github.com/andrebassi/k1s/internal/adapters/repository/resources.go:703.56,705.8 1 1
github.com/andrebassi/k1s/internal/adapters/repository/resources.go:705.13,705.57 1 1
github.com/andrebassi/k1s/internal/adapters/repository/resources.go:705.57,707.8 1 1
github.com/andrebassi/k1s/internal/adapters/repository/resources.go:708.7,708.12 1 1
github.com/andrebassi/k1s/internal/adapters/repository/resources.go:712.5,712.22 1 1
github.com/andrebassi/k1s/internal/adapters/repository/resources.go:712.22,714.6 1 1
github.com/andrebassi/k1s/internal/adapters/repository/resources.go:715.5,715.75 1 1
github.com/andrebassi/k1s/internal/adapters/repository/resources.go:717.47,718.30 1 1
github.com/andrebassi/k1s/internal/adapters/repository/resources.go:718.30,723.51 4 1
github.com/andrebassi/k1s/internal/adapters/repository/resources.go:723.51,725.6 1 1
github.com/andrebassi/k1s/internal/adapters/repository/resources.go:725.11,725.51 1 1
github.com/andrebassi/k1s/internal/adapters/repository/resources.go:725.51,727.6 1 1
github.com/andrebassi/k1s/internal/adapters/repository/resources.go:730.5,730.50 1 1
github.com/andrebassi/k1s/internal/adapters/repository/resources.go:730.50,731.139 1 1
github.com/andrebassi/k1s/internal/adapters/repository/resources.go:731.139,732.50 1 1
github.com/andrebassi/k1s/internal/adapters/repository/resources.go:732.50,734.8 1 1
github.com/andrebassi/k1s/internal/adapters/repository/resources.go:734.13,734.50 1 1
github.com/andrebassi/k1s/internal/adapters/repository/resources.go:734.50,736.8 1 1
github.com/andrebassi/k1s/internal/adapters/repository/resources.go:737.7,737.12 1 1
github.com/andrebassi/k1s/internal/adapters/repository/resources.go:741.5,741.22 1 1
github.com/andrebassi/k1s/internal/adapters/repository/resources.go:741.22,743.6 1 1
github.com/andrebassi/k1s/internal/adapters/repository/resources.go:744.5,744.75 1 1
github.com/andrebassi/k1s/internal/adapters/repository/resources.go:749.2,749.21 1 1
github.com/andrebassi/k1s/internal/adapters/repository/resources.go:749.21,751.3 1 1
github.com/andrebassi/k1s/internal/adapters/repository/resources.go:752.2,752.34 1 1
github.com/andrebassi/k1s/internal/adapters/repository/resources.go:788.108,790.16 2 1
github.com/andrebassi/k1s/internal/adapters/repository/resources.go:790.16,792.3 1 1
github.com/andrebassi/k1s/internal/adapters/repository/resources.go:794.2,795.33 2 1
github.com/andrebassi/k1s/internal/adapters/repository/resources.go:795.33,797.3 1 1
github.com/andrebassi/k1s/internal/adapters/repository/resources.go:799.2,813.42 2 1
github.com/andrebassi/k1s/internal/adapters/repository/resources.go:813.42,815.22 2 1
github.com/andrebassi/k1s/internal/adapters/repository/resources.go:816.47,817.30 1 1
github.com/andrebassi/k1s/internal/adapters/repository/resources.go:817.30,820.57 3 1
github.com/andrebassi/k1s/internal/adapters/repository/resources.go:820.57,822.6 1 1
github.com/andrebassi/k1s/internal/adapters/repository/resources.go:822.11,822.58 1 1
github.com/andrebassi/k1s/internal/adapters/repository/resources.go:822.58,824.6 1 1
github.com/andrebassi/k1s/internal/adapters/repository/resources.go:826.5,826.50 1 1
github.com/andrebassi/k1s/internal/adapters/repository/resources.go:826.50,827.125 1 1
github.com/andrebassi/k1s/internal/adapters/repository/resources.go:827.125,828.56 1 1
github.com/andrebassi/k1s/internal/adapters/repository/resources.go:828.56,830.8 1 1
github.com/andrebassi/k1s/internal/adapters/repository/resources.go:830.13,830.57 1 1
github.com/andrebassi/k1s/internal/adapters/repository/resources.go:830.57,832.8 1 1
github.com/andrebassi/k1s/internal/adapters/repository/resources.go:833.7,833.12 1 1
github.com/andrebassi/k1s/internal/adapters/repository/resources.go:837.47,838.30 1 1
github.com/andrebassi/k1s/internal/adapters/repository/resources.go:838.30,841.51 3 1
github.com/andrebassi/k1s/internal/adapters/repository/resources.go:841.51,843.6 1 1
github.com/andrebassi/k1s/internal/adapters/repository/resources.go:843.11,843.51 1 1
github.com/andrebassi/k1s/internal/adapters/repository/resources.go:843.51,845.6 1 1
github.com/andrebassi/k1s/internal/adapters/repository/resources.go:847.5,847.50 1 1
github.com/andrebassi/k1s/internal/adapters/repository/resources.go:847.50,848.139 1 1
github.com/andrebassi/k1s/internal/adapters/repository/resources.go:848.139,849.50 1 1
github.com/andrebassi/k1s/internal/adapters/repository/resources.go:849.50,851.8 1 1
github.com/andrebassi/k1s/internal/adapters/repository/resources.go:851.13,851.50 1 1
github.com/andrebassi/k1s/internal/adapters/repository/resources.go:851.50,853.8 1 1
github.com/andrebassi/k1s/internal/adapters/repository/resources.go:854.7,854.12 1 1
github.com/andrebassi/k1s/internal/adapters/repository/resources.go:858.43,859.26 1 1
github.com/andrebassi/k1s/internal/adapters/repository/resources.go:859.26,863.5 3 1
github.com/andrebassi/k1s/internal/adapters/repository/resources.go:864.45,865.28 1 1
github.com/andrebassi/k1s/internal/adapters/repository/resources.go:865.28,868.42 3 1
github.com/andrebassi/k1s/internal/adapters/repository/resources.go:868.42,870.6 1 1
github.com/andrebassi/k1s/internal/adapters/repository/resources.go:870.11,870.56 1 1
github.com/andrebassi/k1s/internal/adapters/repository/resources.go:870.56,872.6 1 1
github.com/andrebassi/k1s/internal/adapters/repository/resources.go:875.3,875.27 1 1
github.com/andrebassi/k1s/internal/adapters/repository/resources.go:875.27,877.4 1 1
github.com/andrebassi/k1s/internal/adapters/repository/resources.go:878.3,878.46 1 1
github.com/andrebassi/k1s/internal/adapters/repository/resources.go:882.2,882.45 1 1
github.com/andrebassi/k1s/internal/adapters/repository/resources.go:882.45,889.3 1 1
github.com/andrebassi/k1s/internal/adapters/repository/resources.go:891.2,891.18 1 1
github.com/andrebassi/k1s/internal/adapters/repository/resources.go:895.111,897.16 2 1
github.com/andrebassi/k1s/internal/adapters/repository/resources.go:897.16,899.3 1 1
github.com/andrebassi/k1s/internal/adapters/repository/resources.go:901.2,902.34 2 1
github.com/andrebassi/k1s/internal/adapters/repository/resources.go:902.34,909.3 1 1
github.com/andrebassi/k1s/internal/adapters/repository/resources.go:911.2,911.46 1 1
github.com/andrebassi/k1s/internal/adapters/repository/resources.go:911.46,913.3 1 1
github.com/andrebassi/k1s/internal/adapters/repository/resources.go:915.2,915.25 1 1
github.com/andrebassi/k1s/internal/adapters/repository/resources.go:928.89,930.16 2 1
github.com/andrebassi/k1s/internal/adapters/repository/resources.go:930.16,933.3 1 1
github.com/andrebassi/k1s/internal/adapters/repository/resources.go:936.2,940.32 4 1
github.com/andrebassi/k1s/internal/adapters/repository/resources.go:940.32,943.44 2 1
github.com/andrebassi/k1s/internal/adapters/repository/resources.go:943.44,944.37 1 1
github.com/andrebassi/k1s/internal/adapters/repository/resources.go:944.37,945.44 1 1
github.com/andrebassi/k1s/internal/adapters/repository/resources.go:945.44,947.6 1 1
github.com/andrebassi/k1s/internal/adapters/repository/resources.go:947.11,949.6 1 1
github.com/andrebassi/k1s/internal/adapters/repository/resources.go:950.5,950.10 1 1
github.com/andrebassi/k1s/internal/adapters/repository/resources.go:955.3,956.31 2 1
github.com/andrebassi/k1s/internal/adapters/repository/resources.go:956.31,957.60 1 1
github.com/andrebassi/k1s/internal/adapters/repository/resources.go:957.60,959.19 2 1
github.com/andrebassi/k1s/internal/adapters/repository/resources.go:959.19,961.6 1 1
github.com/andrebassi/k1s/internal/adapters/repository/resources.go:964.3,965.20 2 1
github.com/andrebassi/k1s/internal/adapters/repository/resources.go:965.20,967.4 1 1
github.com/andrebassi/k1s/internal/adapters/repository/resources.go:970.3,971.43 2 1
github.com/andrebassi/k1s/internal/adapters/repository/resources.go:971.43,972.42 1 1
github.com/andrebassi/k1s/internal/adapters/repository/resources.go:972.42,974.10 2 1
github.com/andrebassi/k1s/internal/adapters/repository/resources.go:979.3,992.5 3 1
github.com/andrebassi/k1s/internal/adapters/repository/resources.go:995.2,995.44 1 1
github.com/andrebassi/k1s/internal/adapters/repository/resources.go:995.44,997.3 1 1
github.com/andrebassi/k1s/internal/adapters/repository/resources.go:999.2,999.23 1 1
github.com/andrebassi/k1s/internal/adapters/repository/resources.go:1003.103,1005.16 2 1
github.com/andrebassi/k1s/internal/adapters/repository/resources.go:1005.16,1008.3 1 1
github.com/andrebassi/k1s/internal/adapters/repository/resources.go:1011.2,1015.17 3 1
github.com/andrebassi/k1s/internal/adapters/repository/resources.go:1015.17,1017.3 1 1
github.com/andrebassi/k1s/internal/adapters/repository/resources.go:1020.2,1021.43 2 1
github.com/andrebassi/k1s/internal/adapters/repository/resources.go:1021.43,1022.36 1 1
github.com/andrebassi/k1s/internal/adapters/repository/resources.go:1022.36,1023.43 1 1
github.com/andrebassi/k1s/internal/adapters/repository/resources.go:1023.43,1025.5 1 1
github.com/andrebassi/k1s/internal/adapters/repository/resources.go:1025.10,1027.5 1 1
github.com/andrebassi/k1s/internal/adapters/repository/resources.go:1028.4,1028.9 1 1
github.com/andrebassi/k1s/internal/adapters/repository/resources.go:1033.2,1037.42 3 1
github.com/andrebassi/k1s/internal/adapters/repository/resources.go:1037.42,1038.41 1 1
github.com/andrebassi/k1s/internal/adapters/repository/resources.go:1038.41,1040.9 2 1
github.com/andrebassi/k1s/internal/adapters/repository/resources.go:1045.2,1058.8 3 1
github.com/andrebassi/k1s/internal/adapters/repository/resources.go:1062.110,1066.16 2 1
github.com/andrebassi/k1s/internal/adapters/repository/resources.go:1066.16,1069.3 1 1
github.com/andrebassi/k1s/internal/adapters/repository/resources.go:1071.2,1072.31 2 1
github.com/andrebassi/k1s/internal/adapters/repository/resources.go:1072.31,1074.3 1 1
github.com/andrebassi/k1s/internal/adapters/repository/resources.go:1076.2,1076.43 1 1
github.com/andrebassi/k1s/internal/adapters/repository/resources.go:1076.43,1079.3 1 1
github.com/andrebassi/k1s/internal/adapters/repository/resources.go:1081.2,1081.22 1 1
github.com/andrebassi/k1s/internal/adapters/repository/resources.go:1085.114,1087.16 2 1
github.com/andrebassi/k1s/internal/adapters/repository/resources.go:1087.16,1089.3 1 1
github.com/andrebassi/k1s/internal/adapters/repository/resources.go:1092.2,1093.32 2 1
github.com/andrebassi/k1s/internal/adapters/repository/resources.go:1093.32,1095.3 1 1
github.com/andrebassi/k1s/internal/adapters/repository/resources.go:1097.2,1103.8 1 1
github.com/andrebassi/k1s/internal/adapters/repository/resources.go:1108.140,1111.16 2 1
github.com/andrebassi/k1s/internal/adapters/repository/resources.go:1111.16,1114.3 1 1
github.com/andrebassi/k1s/internal/adapters/repository/resources.go:1117.2,1134.16 5 1
github.com/andrebassi/k1s/internal/adapters/repository/resources.go:1134.16,1136.54 1 1
github.com/andrebassi/k1s/internal/adapters/repository/resources.go:1136.54,1139.21 2 1
github.com/andrebassi/k1s/internal/adapters/repository/resources.go:1139.21,1142.5 1 1
github.com/andrebassi/k1s/internal/adapters/repository/resources.go:1143.4,1145.18 3 1
github.com/andrebassi/k1s/internal/adapters/repository/resources.go:1145.18,1148.5 1 1
github.com/andrebassi/k1s/internal/adapters/repository/resources.go:1149.9,1152.4 1 1
github.com/andrebassi/k1s/internal/adapters/repository/resources.go:1155.2,1155.12 1 1
github.com/andrebassi/k1s/internal/adapters/repository/resources.go:1160.146,1163.16 2 1
github.com/andrebassi/k1s/internal/adapters/repository/resources.go:1163.16,1166.3 1 1
github.com/andrebassi/k1s/internal/adapters/repository/resources.go:1169.2,1186.16 5 1
github.com/andrebassi/k1s/internal/adapters/repository/resources.go:1186.16,1188.54 1 1
github.com/andrebassi/k1s/internal/adapters/repository/resources.go:1188.54,1191.21 2 1
github.com/andrebassi/k1s/internal/adapters/repository/resources.go:1191.21,1194.5 1 1
github.com/andrebassi/k1s/internal/adapters/repository/resources.go:1195.4,1197.18 3 1
github.com/andrebassi/k1s/internal/adapters/repository/resources.go:1197.18,1200.5 1 1
github.com/andrebassi/k1s/internal/adapters/repository/resources.go:1201.9,1204.4 1 1
github.com/andrebassi/k1s/internal/adapters/repository/resources.go:1207.2,1207.12 1 1
github.com/andrebassi/k1s/internal/adapters/repository/resources.go:1215.137,1219.16 2 1
github.com/andrebassi/k1s/internal/adapters/repository/resources.go:1219.16,1221.59 1 1
github.com/andrebassi/k1s/internal/adapters/repository/resources.go:1221.59,1224.4 1 1
github.com/andrebassi/k1s/internal/adapters/repository/resources.go:1228.2,1228.44 1 1
github.com/andrebassi/k1s/internal/adapters/repository/resources.go:1228.44,1230.17 2 1
github.com/andrebassi/k1s/internal/adapters/repository/resources.go:1230.17,1232.12 1 1
github.com/andrebassi/k1s/internal/adapters/repository/resources.go:1235.3,1235.54 1 1
github.com/andrebassi/k1s/internal/adapters/repository/resources.go:1235.54,1237.68 1 1
github.com/andrebassi/k1s/internal/adapters/repository/resources.go:1237.68,1238.13 1 1
github.com/andrebassi/k1s/internal/adapters/repository/resources.go:1242.4,1243.40 2 1
github.com/andrebassi/k1s/internal/adapters/repository/resources.go:1243.40,1244.25 1 1
github.com/andrebassi/k1s/internal/adapters/repository/resources.go:1244.25,1246.11 2 1
github.com/andrebassi/k1s/internal/adapters/repository/resources.go:1249.4,1249.18 1 1
github.com/andrebassi/k1s/internal/adapters/repository/resources.go:1249.18,1250.13 1 1
github.com/andrebassi/k1s/internal/adapters/repository/resources.go:1254.4,1265.5 2 1
github.com/andrebassi/k1s/internal/adapters/repository/resources.go:1270.2,1271.16 2 1
github.com/andrebassi/k1s/internal/adapters/repository/resources.go:1271.16,1274.3 1 1
github.com/andrebassi/k1s/internal/adapters/repository/resources.go:1276.2,1276.33 1 1
github.com/andrebassi/k1s/internal/adapters/repository/resources.go:1276.33,1279.17 3 1
github.com/andrebassi/k1s/internal/adapters/repository/resources.go:1279.17,1282.4 1 1
github.com/andrebassi/k1s/internal/adapters/repository/resources.go:1286.2,1289.63 2 1
github.com/andrebassi/k1s/internal/adapters/repository/resources.go:1289.63,1292.3 1 1
github.com/andrebassi/k1s/internal/adapters/repository/resources.go:1294.2,1294.12 1 1
github.com/andrebassi/k1s/internal/adapters/repository/resources.go:1297.42,1303.48 4 1
github.com/andrebassi/k1s/internal/adapters/repository/resources.go:1303.48,1305.3 1 1
github.com/andrebassi/k1s/internal/adapters/repository/resources.go:1307.2,1307.38 1 1
github.com/andrebassi/k1s/internal/adapters/repository/resources.go:1307.38,1322.32 2 1
github.com/andrebassi/k1s/internal/adapters/repository/resources.go:1322.32,1328.4 1 1
github.com/andrebassi/k1s/internal/adapters/repository/resources.go:1331.3,1331.37 1 1
github.com/andrebassi/k1s/internal/adapters/repository/resources.go:1331.37,1337.4 1 1
github.com/andrebassi/k1s/internal/adapters/repository/resources.go:1340.3,1345.31 4 1
github.com/andrebassi/k1s/internal/adapters/repository/resources.go:1345.31,1353.4 1 1
github.com/andrebassi/k1s/internal/adapters/repository/resources.go:1356.3,1356.38 1 1
github.com/andrebassi/k1s/internal/adapters/repository/resources.go:1356.38,1361.31 4 1
github.com/andrebassi/k1s/internal/adapters/repository/resources.go:1361.31,1364.5 2 1
github.com/andrebassi/k1s/internal/adapters/repository/resources.go:1364.10,1364.38 1 1
github.com/andrebassi/k1s/internal/adapters/repository/resources.go:1364.38,1368.5 3 1
github.com/andrebassi/k1s/internal/adapters/repository/resources.go:1368.10,1368.41 1 1
github.com/andrebassi/k1s/internal/adapters/repository/resources.go:1368.41,1375.5 6 1
github.com/andrebassi/k1s/internal/adapters/repository/resources.go:1378.3,1378.38 1 1
github.com/andrebassi/k1s/internal/adapters/repository/resources.go:1382.2,1384.52 3 1
github.com/andrebassi/k1s/internal/adapters/repository/resources.go:1384.52,1386.3 1 1
github.com/andrebassi/k1s/internal/adapters/repository/resources.go:1387.2,1387.42 1 1
github.com/andrebassi/k1s/internal/adapters/repository/resources.go:1387.42,1393.42 2 1
github.com/andrebassi/k1s/internal/adapters/repository/resources.go:1393.42,1396.31 3 1
github.com/andrebassi/k1s/internal/adapters/repository/resources.go:1396.31,1399.5 1 1
github.com/andrebassi/k1s/internal/adapters/repository/resources.go:1399.10,1399.38 1 1
github.com/andrebassi/k1s/internal/adapters/repository/resources.go:1399.38,1403.5 2 1
github.com/andrebassi/k1s/internal/adapters/repository/resources.go:1403.10,1403.41 1 1
github.com/andrebassi/k1s/internal/adapters/repository/resources.go:1403.41,1407.5 3 1
github.com/andrebassi/k1s/internal/adapters/repository/resources.go:1409.3,1409.46 1 1
github.com/andrebassi/k1s/internal/adapters/repository/resources.go:1412.2,1413.48 2 1
github.com/andrebassi/k1s/internal/adapters/repository/resources.go:1413.48,1414.15 1 1
github.com/andrebassi/k1s/internal/adapters/repository/resources.go:1414.15,1416.4 1 1
github.com/andrebassi/k1s/internal/adapters/repository/resources.go:1419.2,1420.32 2 1
github.com/andrebassi/k1s/internal/adapters/repository/resources.go:1420.32,1423.3 2 1
github.com/andrebassi/k1s/internal/adapters/repository/resources.go:1426.2,1427.35 2 1
github.com/andrebassi/k1s/internal/adapters/repository/resources.go:1427.35,1429.10 2 1
github.com/andrebassi/k1s/internal/adapters/repository/resources.go:1430.27,1433.32 2 1
github.com/andrebassi/k1s/internal/adapters/repository/resources.go:1434.24,1437.35 2 1
github.com/andrebassi/k1s/internal/adapters/repository/resources.go:1438.39,1441.49 2 1
github.com/andrebassi/k1s/internal/adapters/repository/resources.go:1442.26,1444.24 1 1
github.com/andrebassi/k1s/internal/adapters/repository/resources.go:1445.26,1448.31 2 1
github.com/andrebassi/k1s/internal/adapters/repository/resources.go:1449.27,1451.25 1 1
github.com/andrebassi/k1s/internal/adapters/repository/resources.go:1452.29,1454.27 1 1
github.com/andrebassi/k1s/internal/adapters/repository/resources.go:1455.11,1457.21 1 1
github.com/andrebassi/k1s/internal/adapters/repository/resources.go:1459.3,1459.32 1 1
github.com/andrebassi/k1s/internal/adapters/repository/resources.go:1463.2,1464.39 2 1
github.com/andrebassi/k1s/internal/adapters/repository/resources.go:1464.39,1471.3 1 1
github.com/andrebassi/k1s/internal/adapters/repository/resources.go:1474.2,1475.49 2 1
github.com/andrebassi/k1s/internal/adapters/repository/resources.go:1475.49,1477.3 1 1
github.com/andrebassi/k1s/internal/adapters/repository/resources.go:1480.2,1481.31 2 1
github.com/andrebassi/k1s/internal/adapters/repository/resources.go:1481.31,1483.3 1 1
github.com/andrebassi/k1s/internal/adapters/repository/resources.go:1485.2,1514.3 1 1
github.com/andrebassi/k1s/internal/adapters/repository/resources.go:1517.49,1518.18 1 1
github.com/andrebassi/k1s/internal/adapters/repository/resources.go:1518.18,1520.3 1 1
github.com/andrebassi/k1s/internal/adapters/repository/resources.go:1522.2,1530.26 2 1
github.com/andrebassi/k1s/internal/adapters/repository/resources.go:1530.26,1535.3 4 1
github.com/andrebassi/k1s/internal/adapters/repository/resources.go:1535.8,1535.35 1 1
github.com/andrebassi/k1s/internal/adapters/repository/resources.go:1535.35,1538.3 2 1
github.com/andrebassi/k1s/internal/adapters/repository/resources.go:1538.8,1538.30 1 1
github.com/andrebassi/k1s/internal/adapters/repository/resources.go:1538.30,1541.3 2 1
github.com/andrebassi/k1s/internal/adapters/repository/resources.go:1541.8,1541.30 1 1
github.com/andrebassi/k1s/internal/adapters/repository/resources.go:1541.30,1544.3 2 1
github.com/andrebassi/k1s/internal/adapters/repository/resources.go:1546.2,1546.11 1 1
github.com/andrebassi/k1s/internal/adapters/repository/resources.go:1549.41,1550.32 1 1
github.com/andrebassi/k1s/internal/adapters/repository/resources.go:1550.32,1552.3 1 1
github.com/andrebassi/k1s/internal/adapters/repository/resources.go:1554.2,1554.48 1 1
github.com/andrebassi/k1s/internal/adapters/repository/resources.go:1554.48,1555.30 1 1
github.com/andrebassi/k1s/internal/adapters/repository/resources.go:1555.30,1556.37 1 1
github.com/andrebassi/k1s/internal/adapters/repository/resources.go:1556.37,1558.5 1 1
github.com/andrebassi/k1s/internal/adapters/repository/resources.go:1560.3,1560.69 1 1
github.com/andrebassi/k1s/internal/adapters/repository/resources.go:1560.69,1562.4 1 1
github.com/andrebassi/k1s/internal/adapters/repository/resources.go:1565.2,1565.31 1 1
github.com/andrebassi/k1s/internal/adapters/repository/resources.go:1647.152,1650.24 2 1
github.com/andrebassi/k1s/internal/adapters/repository/resources.go:1650.24,1657.36 2 1
github.com/andrebassi/k1s/internal/adapters/repository/resources.go:1657.36,1659.49 2 1
github.com/andrebassi/k1s/internal/adapters/repository/resources.go:1659.49,1664.39 3 1
github.com/andrebassi/k1s/internal/adapters/repository/resources.go:1665.23,1667.20 2 1
github.com/andrebassi/k1s/internal/adapters/repository/resources.go:1667.20,1670.7 2 1
github.com/andrebassi/k1s/internal/adapters/repository/resources.go:1671.24,1673.20 2 1
github.com/andrebassi/k1s/internal/adapters/repository/resources.go:1673.20,1676.7 2 1
github.com/andrebassi/k1s/internal/adapters/repository/resources.go:1677.20,1679.30 1 1
github.com/andrebassi/k1s/internal/adapters/repository/resources.go:1679.30,1686.21 3 1
github.com/andrebassi/k1s/internal/adapters/repository/resources.go:1686.21,1688.8 1 1
github.com/andrebassi/k1s/internal/adapters/repository/resources.go:1695.2,1696.16 2 1
github.com/andrebassi/k1s/internal/adapters/repository/resources.go:1696.16,1697.34 1 1
github.com/andrebassi/k1s/internal/adapters/repository/resources.go:1697.34,1698.32 1 1
github.com/andrebassi/k1s/internal/adapters/repository/resources.go:1698.32,1699.13 1 1
github.com/andrebassi/k1s/internal/adapters/repository/resources.go:1701.4,1701.50 1 1
github.com/andrebassi/k1s/internal/adapters/repository/resources.go:1701.50,1703.38 2 1
github.com/andrebassi/k1s/internal/adapters/repository/resources.go:1703.38,1705.6 1 1
github.com/andrebassi/k1s/internal/adapters/repository/resources.go:1708.5,1719.7 3 1
github.com/andrebassi/k1s/internal/adapters/repository/resources.go:1724.2,1725.16 2 1
github.com/andrebassi/k1s/internal/adapters/repository/resources.go:1725.16,1726.40 1 1
github.com/andrebassi/k1s/internal/adapters/repository/resources.go:1726.40,1727.35 1 1
github.com/andrebassi/k1s/internal/adapters/repository/resources.go:1727.35,1728.48 1 1
github.com/andrebassi/k1s/internal/adapters/repository/resources.go:1728.48,1735.42 2 1
github.com/andrebassi/k1s/internal/adapters/repository/resources.go:1735.42,1737.7 1 1
github.com/andrebassi/k1s/internal/adapters/repository/resources.go:1737.12,1737.80 1 1
github.com/andrebassi/k1s/internal/adapters/repository/resources.go:1737.80,1739.7 1 1
github.com/andrebassi/k1s/internal/adapters/repository/resources.go:1742.6,1742.39 1 1
github.com/andrebassi/k1s/internal/adapters/repository/resources.go:1742.39,1744.31 2 1
github.com/andrebassi/k1s/internal/adapters/repository/resources.go:1744.31,1746.8 1 1
github.com/andrebassi/k1s/internal/adapters/repository/resources.go:1747.7,1747.58 1 1
github.com/andrebassi/k1s/internal/adapters/repository/resources.go:1751.6,1751.42 1 1
github.com/andrebassi/k1s/internal/adapters/repository/resources.go:1751.42,1752.65 1 1
github.com/andrebassi/k1s/internal/adapters/repository/resources.go:1752.65,1754.8 1 1
github.com/andrebassi/k1s/internal/adapters/repository/resources.go:1755.7,1756.27 2 1
github.com/andrebassi/k1s/internal/adapters/repository/resources.go:1756.27,1757.42 1 1
github.com/andrebassi/k1s/internal/adapters/repository/resources.go:1757.42,1759.30 2 1
github.com/andrebassi/k1s/internal/adapters/repository/resources.go:1759.30,1761.10 1 1
github.com/andrebassi/k1s/internal/adapters/repository/resources.go:1762.9,1763.37 2 1
github.com/andrebassi/k1s/internal/adapters/repository/resources.go:1763.37,1764.47 1 1
github.com/andrebassi/k1s/internal/adapters/repository/resources.go:1764.47,1766.11 1 1
github.com/andrebassi/k1s/internal/adapters/repository/resources.go:1766.16,1768.11 1 1
github.com/andrebassi/k1s/internal/adapters/repository/resources.go:1770.9,1775.11 1 1
github.com/andrebassi/k1s/internal/adapters/repository/resources.go:1778.7,1778.54 1 1
github.com/andrebassi/k1s/internal/adapters/repository/resources.go:1782.6,1798.43 2 1
github.com/andrebassi/k1s/internal/adapters/repository/resources.go:1798.43,1799.46 1 1
github.com/andrebassi/k1s/internal/adapters/repository/resources.go:1799.46,1801.8 1 1
github.com/andrebassi/k1s/internal/adapters/repository/resources.go:1804.6,1804.60 1 1
github.com/andrebassi/k1s/internal/adapters/repository/resources.go:1811.2,1811.26 1 1
github.com/andrebassi/k1s/internal/adapters/repository/resources.go:1811.26,1813.3 1 1
github.com/andrebassi/k1s/internal/adapters/repository/resources.go:1815.2,1816.16 2 1
github.com/andrebassi/k1s/internal/adapters/repository/resources.go:1816.16,1817.43 1 1
github.com/andrebassi/k1s/internal/adapters/repository/resources.go:1817.43,1818.28 1 1
github.com/andrebassi/k1s/internal/adapters/repository/resources.go:1818.28,1820.5 1 1
github.com/andrebassi/k1s/internal/adapters/repository/resources.go:1821.4,1821.25 1 1
github.com/andrebassi/k1s/internal/adapters/repository/resources.go:1821.25,1823.5 1 1
github.com/andrebassi/k1s/internal/adapters/repository/resources.go:1825.3,1825.44 1 1
github.com/andrebassi/k1s/internal/adapters/repository/resources.go:1825.44,1826.34 1 1
github.com/andrebassi/k1s/internal/adapters/repository/resources.go:1826.34,1827.32 1 1
github.com/andrebassi/k1s/internal/adapters/repository/resources.go:1827.32,1829.6 1 1
github.com/andrebassi/k1s/internal/adapters/repository/resources.go:1830.5,1830.29 1 1
github.com/andrebassi/k1s/internal/adapters/repository/resources.go:1830.29,1832.6 1 1
github.com/andrebassi/k1s/internal/adapters/repository/resources.go:1837.2,1837.21 1 1
github.com/andrebassi/k1s/internal/adapters/repository/resources.go:1840.59,1841.29 1 1
github.com/andrebassi/k1s/internal/adapters/repository/resources.go:1841.29,1842.21 1 1
github.com/andrebassi/k1s/internal/adapters/repository/resources.go:1842.21,1844.4 1 1
github.com/andrebassi/k1s/internal/adapters/repository/resources.go:1846.2,1846.13 1 1
github.com/andrebassi/k1s/internal/adapters/repository/resources.go:1849.78,1850.38 1 1
github.com/andrebassi/k1s/internal/adapters/repository/resources.go:1850.38,1851.23 1 1
github.com/andrebassi/k1s/internal/adapters/repository/resources.go:1851.23,1852.12 1 1
github.com/andrebassi/k1s/internal/adapters/repository/resources.go:1854.3,1854.40 1 1
github.com/andrebassi/k1s/internal/adapters/repository/resources.go:1854.40,1855.75 1 1
github.com/andrebassi/k1s/internal/adapters/repository/resources.go:1855.75,1857.5 1 1
github.com/andrebassi/k1s/internal/adapters/repository/resources.go:1860.2,1860.14 1 1
github.com/andrebassi/k1s/internal/adapters/repository/resources.go:1863.48,1864.26 1 1
github.com/andrebassi/k1s/internal/adapters/repository/resources.go:1864.26,1865.15 1 1
github.com/andrebassi/k1s/internal/adapters/repository/resources.go:1865.15,1867.4 1 1
github.com/andrebassi/k1s/internal/adapters/repository/resources.go:1869.2,1869.14 1 1
github.com/andrebassi/k1s/internal/adapters/repository/resources.go:1873.158,1887.16 6 1
github.com/andrebassi/k1s/internal/adapters/repository/resources.go:1887.16,1890.3 1 1
github.com/andrebassi/k1s/internal/adapters/repository/resources.go:1892.2,1893.31 2 1
github.com/andrebassi/k1s/internal/adapters/repository/resources.go:1893.31,1895.3 1 1
github.com/andrebassi/k1s/internal/adapters/repository/resources.go:1897.2,1897.34 1 1
github.com/andrebassi/k1s/internal/adapters/repository/resources.go:1897.34,1903.65 2 1
github.com/andrebassi/k1s/internal/adapters/repository/resources.go:1903.65,1904.54 1 1
github.com/andrebassi/k1s/internal/adapters/repository/resources.go:1904.54,1905.29 1 1
github.com/andrebassi/k1s/internal/adapters/repository/resources.go:1905.29,1906.36 1 1
github.com/andrebassi/k1s/internal/adapters/repository/resources.go:1906.36,1908.7 1 1
github.com/andrebassi/k1s/internal/adapters/repository/resources.go:1913.4,1913.55 1 1
github.com/andrebassi/k1s/internal/adapters/repository/resources.go:1913.55,1914.27 1 1
github.com/andrebassi/k1s/internal/adapters/repository/resources.go:1914.27,1915.34 1 1
github.com/andrebassi/k1s/internal/adapters/repository/resources.go:1915.34,1918.7 2 1
github.com/andrebassi/k1s/internal/adapters/repository/resources.go:1923.4,1923.52 1 1
github.com/andrebassi/k1s/internal/adapters/repository/resources.go:1923.52,1924.32 1 1
github.com/andrebassi/k1s/internal/adapters/repository/resources.go:1924.32,1925.60 1 1
github.com/andrebassi/k1s/internal/adapters/repository/resources.go:1925.60,1929.83 2 1
github.com/andrebassi/k1s/internal/adapters/repository/resources.go:1929.83,1930.64 1 1
github.com/andrebassi/k1s/internal/adapters/repository/resources.go:1930.64,1931.65 1 1
github.com/andrebassi/k1s/internal/adapters/repository/resources.go:1931.65,1932.42 1 1
github.com/andrebassi/k1s/internal/adapters/repository/resources.go:1932.42,1934.16 2 1
github.com/andrebassi/k1s/internal/adapters/repository/resources.go:1939.7,1939.30 1 1
github.com/andrebassi/k1s/internal/adapters/repository/resources.go:1939.30,1941.8 1 1
github.com/andrebassi/k1s/internal/adapters/repository/resources.go:1944.7,1944.66 1 1
github.com/andrebassi/k1s/internal/adapters/repository/resources.go:1944.66,1945.38 1 1
github.com/andrebassi/k1s/internal/adapters/repository/resources.go:1945.38,1946.57 1 1
github.com/andrebassi/k1s/internal/adapters/repository/resources.go:1946.57,1947.75 1 1
github.com/andrebassi/k1s/internal/adapters/repository/resources.go:1947.75,1948.52 1 1
github.com/andrebassi/k1s/internal/adapters/repository/resources.go:1948.52,1952.61 3 1
github.com/andrebassi/k1s/internal/adapters/repository/resources.go:1952.62,1954.13 0 1
github.com/andrebassi/k1s/internal/adapters/repository/resources.go:1956.11,1956.68 1 1
github.com/andrebassi/k1s/internal/adapters/repository/resources.go:1956.68,1957.56 1 1
github.com/andrebassi/k1s/internal/adapters/repository/resources.go:1957.56,1959.13 1 1
github.com/andrebassi/k1s/internal/adapters/repository/resources.go:1959.18,1959.65 1 1
github.com/andrebassi/k1s/internal/adapters/repository/resources.go:1959.65,1961.13 1 1
github.com/andrebassi/k1s/internal/adapters/repository/resources.go:1964.10,1964.55 1 1
github.com/andrebassi/k1s/internal/adapters/repository/resources.go:1964.55,1966.11 1 1
github.com/andrebassi/k1s/internal/adapters/repository/resources.go:1966.16,1966.64 1 1
github.com/andrebassi/k1s/internal/adapters/repository/resources.go:1966.64,1968.11 1 1
github.com/andrebassi/k1s/internal/adapters/repository/resources.go:1973.7,1973.53 1 1
github.com/andrebassi/k1s/internal/adapters/repository/resources.go:1980.3,1981.39 2 1
github.com/andrebassi/k1s/internal/adapters/repository/resources.go:1981.39,1983.66 2 1
github.com/andrebassi/k1s/internal/adapters/repository/resources.go:1983.66,1985.10 2 1
github.com/andrebassi/k1s/internal/adapters/repository/resources.go:1988.3,1988.17 1 1
github.com/andrebassi/k1s/internal/adapters/repository/resources.go:1988.17,1990.4 1 1
github.com/andrebassi/k1s/internal/adapters/repository/resources.go:1994.2,2000.32 2 1
github.com/andrebassi/k1s/internal/adapters/repository/resources.go:2000.32,2004.35 3 1
github.com/andrebassi/k1s/internal/adapters/repository/resources.go:2004.35,2008.4 3 1
github.com/andrebassi/k1s/internal/adapters/repository/resources.go:2010.3,2011.17 2 1
github.com/andrebassi/k1s/internal/adapters/repository/resources.go:2011.17,2012.12 1 1
github.com/andrebassi/k1s/internal/adapters/repository/resources.go:2015.3,2020.65 2 1
github.com/andrebassi/k1s/internal/adapters/repository/resources.go:2020.65,2021.58 1 1
github.com/andrebassi/k1s/internal/adapters/repository/resources.go:2021.58,2022.33 1 1
github.com/andrebassi/k1s/internal/adapters/repository/resources.go:2022.33,2023.56 1 1
github.com/andrebassi/k1s/internal/adapters/repository/resources.go:2023.56,2026.66 2 1
github.com/andrebassi/k1s/internal/adapters/repository/resources.go:2026.66,2027.52 1 1
github.com/andrebassi/k1s/internal/adapters/repository/resources.go:2027.52,2029.9 1 1
github.com/andrebassi/k1s/internal/adapters/repository/resources.go:2029.14,2029.61 1 1
github.com/andrebassi/k1s/internal/adapters/repository/resources.go:2029.61,2031.9 1 1
github.com/andrebassi/k1s/internal/adapters/repository/resources.go:2032.8,2032.57 1 1
github.com/andrebassi/k1s/internal/adapters/repository/resources.go:2032.57,2034.9 1 1
github.com/andrebassi/k1s/internal/adapters/repository/resources.go:2037.7,2037.59 1 1
github.com/andrebassi/k1s/internal/adapters/repository/resources.go:2037.59,2038.32 1 1
github.com/andrebassi/k1s/internal/adapters/repository/resources.go:2038.32,2039.39 1 1
github.com/andrebassi/k1s/internal/adapters/repository/resources.go:2039.39,2041.10 1 1
github.com/andrebassi/k1s/internal/adapters/repository/resources.go:2045.7,2045.64 1 1
github.com/andrebassi/k1s/internal/adapters/repository/resources.go:2045.64,2046.48 1 1
github.com/andrebassi/k1s/internal/adapters/repository/resources.go:2046.48,2048.9 1 1
github.com/andrebassi/k1s/internal/adapters/repository/resources.go:2051.7,2051.54 1 1
github.com/andrebassi/k1s/internal/adapters/repository/resources.go:2057.3,2057.38 1 1
github.com/andrebassi/k1s/internal/adapters/repository/resources.go:2060.2,2060.34 1 1
github.com/andrebassi/k1s/internal/adapters/repository/resources.go:2063.125,2065.2 1 1
github.com/andrebassi/k1s/internal/adapters/repository/resources.go:2067.127,2069.2 1 1
github.com/andrebassi/k1s/internal/adapters/repository/resources.go:2071.123,2073.2 1 1
github.com/andrebassi/k1s/internal/adapters/repository/resources.go:2075.112,2077.2 1 1
github.com/andrebassi/k1s/internal/adapters/repository/resources.go:2079.99,2081.2 1 1
github.com/andrebassi/k1s/internal/adapters/repository/resources.go:2083.121,2085.16 2 1
github.com/andrebassi/k1s/internal/adapters/repository/resources.go:2085.16,2087.3 1 1
github.com/andrebassi/k1s/internal/adapters/repository/resources.go:2088.2,2090.12 3 1
github.com/andrebassi/k1s/internal/adapters/repository/resources.go:2093.122,2095.16 2 1
github.com/andrebassi/k1s/internal/adapters/repository/resources.go:2095.16,2097.3 1 1
github.com/andrebassi/k1s/internal/adapters/repository/resources.go:2098.2,2100.12 3 1
github.com/andrebassi/k1s/internal/adapters/repository/resources.go:2104.119,2105.26 1 1
github.com/andrebassi/k1s/internal/adapters/repository/resources.go:2105.26,2107.3 1 1
github.com/andrebassi/k1s/internal/adapters/repository/resources.go:2109.2,2120.12 4 1
github.com/andrebassi/k1s/internal/adapters/repository/resources.go:2124.51,2125.12 1 1
github.com/andrebassi/k1s/internal/adapters/repository/resources.go:2126.27,2127.22 1 1
github.com/andrebassi/k1s/internal/adapters/repository/resources.go:2128.28,2129.23 1 1
github.com/andrebassi/k1s/internal/adapters/repository/resources.go:2130.24,2131.19 1 1
github.com/andrebassi/k1s/internal/adapters/repository/resources.go:2132.10,2133.20 1 1
github.com/andrebassi/k1s/internal/adapters/repository/resources.go:2137.107,2139.16 2 1
github.com/andrebassi/k1s/internal/adapters/repository/resources.go:2139.16,2141.3 1 1
github.com/andrebassi/k1s/internal/adapters/repository/resources.go:2143.2,2143.45 1 1
github.com/andrebassi/k1s/internal/adapters/repository/resources.go:2143.45,2145.3 1 1
github.com/andrebassi/k1s/internal/adapters/repository/resources.go:2146.2,2149.12 3 1
github.com/andrebassi/k1s/internal/adapters/repository/resources.go:2152.108,2154.16 2 1
github.com/andrebassi/k1s/internal/adapters/repository/resources.go:2154.16,2156.3 1 1
github.com/andrebassi/k1s/internal/adapters/repository/resources.go:2158.2,2158.42 1 1
github.com/andrebassi/k1s/internal/adapters/repository/resources.go:2158.42,2160.3 1 1
github.com/andrebassi/k1s/internal/adapters/repository/resources.go:2161.2,2164.12 3 1
github.com/andrebassi/k1s/internal/adapters/repository/resources.go:2167.106,2169.16 2 1
github.com/andrebassi/k1s/internal/adapters/repository/resources.go:2169.16,2171.3 1 1
github.com/andrebassi/k1s/internal/adapters/repository/resources.go:2173.2,2173.41 1 1
github.com/andrebassi/k1s/internal/adapters/repository/resources.go:2173.41,2175.3 1 1
github.com/andrebassi/k1s/internal/adapters/repository/resources.go:2176.2,2179.12 3 1
github.com/andrebassi/k1s/internal/adapters/repository/resources.go:2183.60,2185.17 2 1
github.com/andrebassi/k1s/internal/adapters/repository/resources.go:2185.17,2187.3 1 1
github.com/andrebassi/k1s/internal/adapters/repository/resources.go:2188.2,2188.31 1 1
github.com/andrebassi/k1s/internal/adapters/repository/resources.go:2188.31,2189.28 1 1
github.com/andrebassi/k1s/internal/adapters/repository/resources.go:2189.28,2191.4 1 1
github.com/andrebassi/k1s/internal/adapters/repository/resources.go:2193.2,2193.23 1 1
github.com/andrebassi/k1s/internal/adapters/repository/resources.go:2197.56,2199.28 2 1
github.com/andrebassi/k1s/internal/adapters/repository/resources.go:2199.28,2200.59 1 1
github.com/andrebassi/k1s/internal/adapters/repository/resources.go:2200.59,2202.18 2 1
github.com/andrebassi/k1s/internal/adapters/repository/resources.go:2202.18,2204.5 1 1
github.com/andrebassi/k1s/internal/adapters/repository/resources.go:2207.2,2207.21 1 1
github.com/andrebassi/k1s/internal/adapters/repository/resources.go:2207.21,2209.3 1 1
github.com/andrebassi/k1s/internal/adapters/repository/resources.go:2210.2,2210.33 1 1
github.com/andrebassi/k1s/internal/adapters/repository/resources.go:2214.102,2216.65 2 1
github.com/andrebassi/k1s/internal/adapters/repository/resources.go:2216.65,2217.44 1 1
github.com/andrebassi/k1s/internal/adapters/repository/resources.go:2217.44,2219.4 1 1
github.com/andrebassi/k1s/internal/adapters/repository/resources.go:2220.3,2220.46 1 1
github.com/andrebassi/k1s/internal/adapters/repository/resources.go:2220.46,2222.4 1 1
github.com/andrebassi/k1s/internal/adapters/repository/resources.go:2224.2,2224.69 1 1
github.com/andrebassi/k1s/internal/adapters/repository/resources.go:2224.69,2225.51 1 1
github.com/andrebassi/k1s/internal/adapters/repository/resources.go:2225.51,2227.4 1 1
github.com/andrebassi/k1s/internal/adapters/repository/resources.go:2228.3,2228.53 1 1
github.com/andrebassi/k1s/internal/adapters/repository/resources.go:2228.53,2230.4 1 1
github.com/andrebassi/k1s/internal/adapters/repository/resources.go:2231.3,2231.25 1 1
github.com/andrebassi/k1s/internal/adapters/repository/resources.go:2231.25,2232.56 1 1
github.com/andrebassi/k1s/internal/adapters/repository/resources.go:2232.56,2234.5 1 1
github.com/andrebassi/k1s/internal/adapters/repository/resources.go:2235.4,2235.58 1 1
github.com/andrebassi/k1s/internal/adapters/repository/resources.go:2235.58,2237.5 1 1
github.com/andrebassi/k1s/internal/adapters/repository/resources.go:2240.2,2240.32 1 1
github.com/andrebassi/k1s/internal/adapters/repository/resources.go:2244.71,2246.21 2 1
github.com/andrebassi/k1s/internal/adapters/repository/resources.go:2246.21,2248.3 1 1
github.com/andrebassi/k1s/internal/adapters/repository/resources.go:2249.2,2249.39 1 1
github.com/andrebassi/k1s/internal/adapters/repository/resources.go:2249.39,2250.44 1 1
github.com/andrebassi/k1s/internal/adapters/repository/resources.go:2250.44,2251.70 1 1
github.com/andrebassi/k1s/internal/adapters/repository/resources.go:2251.70,2253.5 1 1
github.com/andrebassi/k1s/internal/adapters/repository/resources.go:2256.2,2256.14 1 1
github.com/andrebassi/k1s/internal/adapters/repository/utils.go:10.36,11.16 1 1
github.com/andrebassi/k1s/internal/adapters/repository/utils.go:11.16,13.3 1 1
github.com/andrebassi/k1s/internal/adapters/repository/utils.go:15.2,17.9 2 1
github.com/andrebassi/k1s/internal/adapters/repository/utils.go:18.23,19.46 1 1
github.com/andrebassi/k1s/internal/adapters/repository/utils.go:20.21,21.46 1 1
github.com/andrebassi/k1s/internal/adapters/repository/utils.go:22.24,23.44 1 1
github.com/andrebassi/k1s/internal/adapters/repository/utils.go:24.10,26.16 2 1
github.com/andrebassi/k1s/internal/adapters/repository/utils.go:26.16,28.4 1 1
github.com/andrebassi/k1s/internal/adapters/repository/utils.go:29.3,29.34 1 1
github.com/andrebassi/k1s/internal/adapters/repository/utils.go:35.50,36.22 1 1
github.com/andrebassi/k1s/internal/adapters/repository/utils.go:36.22,38.3 1 1
github.com/andrebassi/k1s/internal/adapters/repository/utils.go:39.2,39.17 1 1
github.com/andrebassi/k1s/internal/adapters/repository/utils.go:39.17,41.3 1 1
github.com/andrebassi/k1s/internal/adapters/repository/utils.go:42.2,42.29 1 1
github.com/andrebassi/k1s/internal/adapters/repository/utils.go:48.52,49.22 1 1
github.com/andrebassi/k1s/internal/adapters/repository/utils.go:49.22,51.3 1 1
github.com/andrebassi/k1s/internal/adapters/repository/utils.go:53.2,55.27 3 1
github.com/andrebassi/k1s/internal/adapters/repository/utils.go:55.27,56.12 1 1
github.com/andrebassi/k1s/internal/adapters/repository/utils.go:56.12,58.4 1 1
github.com/andrebassi/k1s/internal/adapters/repository/utils.go:59.3,61.13 3 1
github.com/andrebassi/k1s/internal/adapters/repository/utils.go:61.13,63.21 2 1
github.com/andrebassi/k1s/internal/adapters/repository/utils.go:63.21,65.5 1 1
github.com/andrebassi/k1s/internal/adapters/repository/utils.go:66.4,66.9 1 1
github.com/andrebassi/k1s/internal/adapters/repository/utils.go:69.2,69.15 1 1
github.com/andrebassi/k1s/internal/adapters/repository/utils.go:84.71,88.20 2 1
github.com/andrebassi/k1s/internal/adapters/repository/utils.go:89.26,99.5 1 1
github.com/andrebassi/k1s/internal/adapters/repository/utils.go:101.42,111.5 1 1
github.com/andrebassi/k1s/internal/adapters/repository/utils.go:113.17,123.5 1 1
github.com/andrebassi/k1s/internal/adapters/repository/utils.go:125.19,135.5 1 1
github.com/andrebassi/k1s/internal/adapters/repository/utils.go:139.2,139.35 1 1
github.com/andrebassi/k1s/internal/adapters/repository/utils.go:139.35,140.70 1 1
github.com/andrebassi/k1s/internal/adapters/repository/utils.go:140.70,149.4 1 1
github.com/andrebassi/k1s/internal/adapters/repository/utils.go:150.3,150.64 1 1
github.com/andrebassi/k1s/internal/adapters/repository/utils.go:150.64,158.4 1 1
github.com/andrebassi/k1s/internal/adapters/repository/utils.go:162.2,162.27 1 1
github.com/andrebassi/k1s/internal/adapters/repository/utils.go:162.27,163.60 1 1
github.com/andrebassi/k1s/internal/adapters/repository/utils.go:163.60,172.4 1 1
github.com/andrebassi/k1s/internal/adapters/repository/utils.go:175.2,175.16 1 1
